2019-08-11 15:53:29,380 INFO  [Log] Excel sheet opened. 
2019-08-11 15:53:33,403 INFO  [Log] New driver instantiated. 
2019-08-11 15:53:33,431 INFO  [Log] Implicit wait applied on the driver for 10 seconds. 
2019-08-11 15:53:33,907 INFO  [Log] Web application launched. 
2019-08-11 15:53:33,926 INFO  [Log] ---------------------------------------------------------------------------------------- 
2019-08-11 15:53:33,926 INFO  [Log] ---------------------------------------------------------------------------------------- 
2019-08-11 15:53:33,926 INFO  [Log] --------------------                 SignIn       -------------------------- 
2019-08-11 15:53:33,926 INFO  [Log] ---------------------------------------------------------------------------------------- 
2019-08-11 15:53:33,926 INFO  [Log] ---------------------------------------------------------------------------------------- 
2019-08-11 15:53:33,933 INFO  [Log] User name picked from Excel is: Luke 
2019-08-11 15:53:33,934 INFO  [Log] Password picked from Excel is: Skywalker 
2019-08-11 15:53:34,025 INFO  [Log] User name text field found. 
2019-08-11 15:53:34,086 INFO  [Log] User name entered in the Username text box. 
2019-08-11 15:53:34,094 INFO  [Log] Password text field found. 
2019-08-11 15:53:34,140 INFO  [Log] Password entered in the Password text box. 
2019-08-11 15:53:34,152 INFO  [Log] Login button found. 
2019-08-11 15:53:34,385 INFO  [Log] Click action performed on Submit button. 
2019-08-11 15:53:36,386 INFO  [Log] Waiting 2 seconds before log out the application. 
2019-08-11 15:53:36,386 INFO  [Log] ----------------------             -E---N---D-             ----------------------- 
2019-08-11 15:53:36,386 INFO  [Log] . 
2019-08-11 15:53:36,386 INFO  [Log] . 
2019-08-11 15:53:36,386 INFO  [Log] . 
2019-08-11 15:53:36,386 INFO  [Log] . 
2019-08-11 15:53:36,392 INFO  [Log] ---------------------------------------------------------------------------------------- 
2019-08-11 15:53:36,392 INFO  [Log] ---------------------------------------------------------------------------------------- 
2019-08-11 15:53:36,392 INFO  [Log] --------------------                 Create       -------------------------- 
2019-08-11 15:53:36,392 INFO  [Log] ---------------------------------------------------------------------------------------- 
2019-08-11 15:53:36,392 INFO  [Log] ---------------------------------------------------------------------------------------- 
2019-08-11 15:53:36,393 INFO  [Log] First name picked from Excel is: Nome 
2019-08-11 15:53:36,394 INFO  [Log] LastName picked from Excel is: SobrenomeChanged 
2019-08-11 15:53:36,394 INFO  [Log] Start date picked from Excel is: 2019-08-08 
2019-08-11 15:53:36,394 INFO  [Log] Email picked from Excel is: em@il 
2019-08-11 15:53:36,406 INFO  [Log] Create button found. 
2019-08-11 15:53:36,626 INFO  [Log] Create button clicked. 
2019-08-11 15:53:36,641 INFO  [Log] FirstName text field found. 
2019-08-11 15:53:36,669 INFO  [Log] First name entered in the First Name text box. 
2019-08-11 15:53:36,685 INFO  [Log] LastName text field found. 
2019-08-11 15:53:36,725 INFO  [Log] Last name entered in the Last Name text box. 
2019-08-11 15:53:36,738 INFO  [Log] Start date text field found. 
2019-08-11 15:53:36,770 INFO  [Log] Start date entered in the Start Date text box. 
2019-08-11 15:53:36,775 INFO  [Log] E-mail text field found. 
2019-08-11 15:53:36,814 INFO  [Log] E-mail name entered in the Email text box. 
2019-08-11 15:53:36,822 INFO  [Log] Add button found. 
2019-08-11 15:53:37,051 INFO  [Log] Add button clicked. 
2019-08-11 15:53:39,054 INFO  [Log] Waiting 2 seconds before log out the application. 
2019-08-11 15:53:41,058 INFO  [Log] Waiting 2 seconds before log out the application. 
2019-08-11 15:53:41,059 INFO  [Log] ----------------------             -E---N---D-             ----------------------- 
2019-08-11 15:53:41,059 INFO  [Log] . 
2019-08-11 15:53:41,059 INFO  [Log] . 
2019-08-11 15:53:41,059 INFO  [Log] . 
2019-08-11 15:53:41,059 INFO  [Log] . 
2019-08-11 15:53:41,062 INFO  [Log] ---------------------------------------------------------------------------------------- 
2019-08-11 15:53:41,062 INFO  [Log] ---------------------------------------------------------------------------------------- 
2019-08-11 15:53:41,063 INFO  [Log] --------------------                 Read       -------------------------- 
2019-08-11 15:53:41,063 INFO  [Log] ---------------------------------------------------------------------------------------- 
2019-08-11 15:53:41,063 INFO  [Log] ---------------------------------------------------------------------------------------- 
2019-08-11 15:53:41,065 INFO  [Log] First name picked from Excel is: Nome 
2019-08-11 15:53:41,065 INFO  [Log] LastName picked from Excel is: SobrenomeChanged 
2019-08-11 15:53:41,065 INFO  [Log] Start date picked from Excel is: 2019-08-08 
2019-08-11 15:53:41,065 INFO  [Log] Email picked from Excel is: em@il 
2019-08-11 15:53:41,074 INFO  [Log] Employee name found. 
2019-08-11 15:53:41,084 INFO  [Log] Employee name is displayed in the list. 
2019-08-11 15:53:41,309 INFO  [Log] Employee name is selected. 
2019-08-11 15:53:41,316 INFO  [Log] Edit button found. 
2019-08-11 15:53:41,593 INFO  [Log] Edit button clicked. 
2019-08-11 15:53:41,609 INFO  [Log] FirstName text field found. 
2019-08-11 15:53:41,656 INFO  [Log] Verifies if First name is equal the first name value in Excel. 
2019-08-11 15:53:41,667 INFO  [Log] LastName text field found. 
2019-08-11 15:53:41,696 INFO  [Log] Verifies if Last name is equal the last name value in Excel. 
2019-08-11 15:53:41,711 INFO  [Log] Start date text field found. 
2019-08-11 15:53:41,748 INFO  [Log] Verifies if Start date is equal the start date value in Excel. 
2019-08-11 15:53:41,759 INFO  [Log] E-mail text field found. 
2019-08-11 15:53:41,779 INFO  [Log] Verifies if E-mail address is equal the e-mail address value in Excel. 
2019-08-11 15:53:41,786 INFO  [Log] Back button found. 
2019-08-11 15:53:42,057 INFO  [Log] Cancel button clicked. 
2019-08-11 15:53:44,060 INFO  [Log] Waiting 2 seconds before log out the application. 
2019-08-11 15:53:46,060 INFO  [Log] Waiting 2 seconds before log out the application. 
2019-08-11 15:53:46,061 INFO  [Log] ----------------------             -E---N---D-             ----------------------- 
2019-08-11 15:53:46,061 INFO  [Log] . 
2019-08-11 15:53:46,061 INFO  [Log] . 
2019-08-11 15:53:46,061 INFO  [Log] . 
2019-08-11 15:53:46,061 INFO  [Log] . 
2019-08-11 15:53:46,066 INFO  [Log] ---------------------------------------------------------------------------------------- 
2019-08-11 15:53:46,066 INFO  [Log] ---------------------------------------------------------------------------------------- 
2019-08-11 15:53:46,066 INFO  [Log] --------------------                 Update       -------------------------- 
2019-08-11 15:53:46,066 INFO  [Log] ---------------------------------------------------------------------------------------- 
2019-08-11 15:53:46,066 INFO  [Log] ---------------------------------------------------------------------------------------- 
2019-08-11 15:53:46,068 INFO  [Log] First name picked from Excel is: Nome 
2019-08-11 15:53:46,068 INFO  [Log] LastName picked from Excel is: SobrenomeChanged 
2019-08-11 15:53:46,068 INFO  [Log] Start date picked from Excel is: 2019-08-08 
2019-08-11 15:53:46,068 INFO  [Log] Email picked from Excel is: em@il 
2019-08-11 15:53:46,076 INFO  [Log] Employee name found. 
2019-08-11 15:53:46,084 INFO  [Log] Employee name is displayed in the list. 
2019-08-11 15:53:46,303 INFO  [Log] Employee name is selected. 
2019-08-11 15:53:46,310 INFO  [Log] Edit button found. 
2019-08-11 15:53:46,558 INFO  [Log] Edit button clicked. 
2019-08-11 15:53:46,569 INFO  [Log] FirstName text field found. 
2019-08-11 15:53:46,612 INFO  [Log] FirstName text field found. 
2019-08-11 15:53:46,641 INFO  [Log] First name entered in the First Name text box. 
2019-08-11 15:53:46,658 INFO  [Log] LastName text field found. 
2019-08-11 15:53:46,692 INFO  [Log] LastName text field found. 
2019-08-11 15:53:46,745 INFO  [Log] Last name entered in the Last Name text box. 
2019-08-11 15:53:46,755 INFO  [Log] Start date text field found. 
2019-08-11 15:53:46,777 INFO  [Log] Start date text field found. 
2019-08-11 15:53:46,810 INFO  [Log] Start date entered in the Start Date text box. 
2019-08-11 15:53:46,816 INFO  [Log] E-mail text field found. 
2019-08-11 15:53:46,843 INFO  [Log] E-mail text field found. 
2019-08-11 15:53:46,872 INFO  [Log] E-mail name entered in the Email text box. 
2019-08-11 15:53:46,882 INFO  [Log] Update button found. 
2019-08-11 15:53:47,101 INFO  [Log] Update button clicked. 
2019-08-11 15:53:49,104 INFO  [Log] Waiting 2 seconds before log out the application. 
2019-08-11 15:53:51,208 INFO  [Log] Waiting 2 seconds before log out the application. 
2019-08-11 15:53:51,208 INFO  [Log] ----------------------             -E---N---D-             ----------------------- 
2019-08-11 15:53:51,209 INFO  [Log] . 
2019-08-11 15:53:51,209 INFO  [Log] . 
2019-08-11 15:53:51,209 INFO  [Log] . 
2019-08-11 15:53:51,209 INFO  [Log] . 
2019-08-11 15:53:51,212 INFO  [Log] ---------------------------------------------------------------------------------------- 
2019-08-11 15:53:51,212 INFO  [Log] ---------------------------------------------------------------------------------------- 
2019-08-11 15:53:51,212 INFO  [Log] --------------------                 Delete       -------------------------- 
2019-08-11 15:53:51,213 INFO  [Log] ---------------------------------------------------------------------------------------- 
2019-08-11 15:53:51,213 INFO  [Log] ---------------------------------------------------------------------------------------- 
2019-08-11 15:53:51,215 INFO  [Log] First name picked from Excel is: Nome 
2019-08-11 15:53:51,215 INFO  [Log] LastName picked from Excel is: SobrenomeChangedChanged 
2019-08-11 15:53:53,219 INFO  [Log] Waiting 2 seconds before log out the application. 
2019-08-11 15:53:53,227 INFO  [Log] Employee name found. 
2019-08-11 15:53:53,235 INFO  [Log] Employee name is displayed in the list. 
2019-08-11 15:53:53,455 INFO  [Log] Employee name is selected. 
2019-08-11 15:53:55,459 INFO  [Log] Waiting 2 seconds before log out the application. 
2019-08-11 15:53:55,468 INFO  [Log] Delete button found. 
2019-08-11 15:53:55,492 INFO  [Log] Confirmation pop-up clicked. 
2019-08-11 15:53:55,541 INFO  [Log] Employee was removed from list. 
2019-08-11 15:53:57,545 INFO  [Log] Waiting 2 seconds before log out the application. 
2019-08-11 15:53:57,545 INFO  [Log] ----------------------             -E---N---D-             ----------------------- 
2019-08-11 15:53:57,545 INFO  [Log] . 
2019-08-11 15:53:57,545 INFO  [Log] . 
2019-08-11 15:53:57,545 INFO  [Log] . 
2019-08-11 15:53:57,545 INFO  [Log] . 
2019-08-11 15:53:57,547 INFO  [Log] ---------------------------------------------------------------------------------------- 
2019-08-11 15:53:57,547 INFO  [Log] ---------------------------------------------------------------------------------------- 
2019-08-11 15:53:57,547 INFO  [Log] --------------------                 Logout       -------------------------- 
2019-08-11 15:53:57,547 INFO  [Log] ---------------------------------------------------------------------------------------- 
2019-08-11 15:53:57,547 INFO  [Log] ---------------------------------------------------------------------------------------- 
2019-08-11 15:53:57,554 INFO  [Log] Log Out button found. 
2019-08-11 15:53:57,794 INFO  [Log] Click action is performed on main page. 
2019-08-11 15:53:58,630 INFO  [Log] Browser closed. 
2019-08-11 15:53:58,630 INFO  [Log] ----------------------             -E---N---D-             ----------------------- 
2019-08-11 15:53:58,630 INFO  [Log] . 
2019-08-11 15:53:58,630 INFO  [Log] . 
2019-08-11 15:53:58,631 INFO  [Log] . 
2019-08-11 15:53:58,631 INFO  [Log] . 
